0 verbose cli /usr/local/bin/node /usr/local/bin/npm
1 info using npm@9.6.3
2 info using node@v19.9.0
3 timing npm:load:whichnode Completed in 1ms
4 timing config:load:defaults Completed in 6ms
5 timing config:load:file:/usr/local/lib/node_modules/npm/npmrc Completed in 1ms
6 timing config:load:builtin Completed in 1ms
7 timing config:load:cli Completed in 2ms
8 timing config:load:env Completed in 0ms
9 timing config:load:file:/app/.npmrc Completed in 0ms
10 timing config:load:project Completed in 1ms
11 timing config:load:file:/root/.npmrc Completed in 0ms
12 timing config:load:user Completed in 1ms
13 timing config:load:file:/usr/local/etc/npmrc Completed in 0ms
14 timing config:load:global Completed in 0ms
15 timing config:load:setEnvs Completed in 1ms
16 timing config:load Completed in 12ms
17 timing npm:load:configload Completed in 12ms
18 timing npm:load:mkdirpcache Completed in 0ms
19 timing npm:load:mkdirplogs Completed in 1ms
20 verbose title npm run serve
21 verbose argv "run" "serve"
22 timing npm:load:setTitle Completed in 1ms
23 timing config:load:flatten Completed in 2ms
24 timing npm:load:display Completed in 3ms
25 verbose logfile logs-max:10 dir:/root/.npm/_logs/2025-09-05T01_05_21_580Z-
26 verbose logfile /root/.npm/_logs/2025-09-05T01_05_21_580Z-debug-0.log
27 timing npm:load:logFile Completed in 7ms
28 timing npm:load:timers Completed in 0ms
29 timing npm:load:configScope Completed in 0ms
30 timing npm:load Completed in 27ms
31 silly logfile start cleaning logs, removing 1 files
32 silly logfile done cleaning log files
33 timing command:run Completed in 2494028ms
34 verbose stack Error: command failed
34 verbose stack     at ChildProcess.<anonymous> (/usr/local/lib/node_modules/npm/node_modules/@npmcli/promise-spawn/lib/index.js:53:27)
34 verbose stack     at ChildProcess.emit (node:events:513:28)
34 verbose stack     at maybeClose (node:internal/child_process:1098:16)
34 verbose stack     at ChildProcess._handle.onexit (node:internal/child_process:304:5)
35 verbose pkgid DeliberaJa-SuportDOC@1.0.0
36 verbose cwd /app
37 verbose Linux 6.6.87.2-microsoft-standard-WSL2
38 verbose node v19.9.0
39 verbose npm  v9.6.3
40 error path /app
41 error command failed
42 error signal SIGTERM
43 error command sh -c vue-cli-service serve
44 verbose exit 1
45 timing npm Completed in 2494089ms
46 verbose code 1
47 error A complete log of this run can be found in: /root/.npm/_logs/2025-09-05T01_05_21_580Z-debug-0.log
