2023/01/25 01:03:49 [notice] 1#1: using the "epoll" event method
2023/01/25 01:03:49 [notice] 1#1: nginx/1.23.1
2023/01/25 01:03:49 [notice] 1#1: built by gcc 11.2.1 20220219 (Alpine 11.2.1_git20220219) 
2023/01/25 01:03:49 [notice] 1#1: OS: Linux 5.10.16.3-microsoft-standard-WSL2
2023/01/25 01:03:49 [notice] 1#1: getrlimit(RLIMIT_NOFILE): 1048576:1048576
2023/01/25 01:03:49 [notice] 1#1: start worker processes
2023/01/25 01:03:49 [notice] 1#1: start worker process 31
2023/01/25 01:03:49 [notice] 1#1: start worker process 32
2023/01/25 01:03:49 [notice] 1#1: start worker process 33
2023/01/25 01:03:49 [notice] 1#1: start worker process 34
2023/01/25 01:03:49 [notice] 1#1: start worker process 35
2023/01/25 01:03:49 [notice] 1#1: start worker process 36
2023/01/25 01:03:49 [notice] 1#1: start worker process 37
2023/01/25 01:03:49 [notice] 1#1: start worker process 38
2023/01/25 01:03:49 [notice] 1#1: start worker process 39
2023/01/25 01:03:49 [notice] 1#1: start worker process 40
2023/01/25 01:03:49 [notice] 1#1: start worker process 41
2023/01/25 01:03:49 [notice] 1#1: start worker process 42
2023/01/25 02:07:14 [notice] 1#1: signal 3 (SIGQUIT) received, shutting down
2023/01/25 02:07:14 [notice] 31#31: gracefully shutting down
2023/01/25 02:07:14 [notice] 33#33: gracefully shutting down
2023/01/25 02:07:14 [notice] 34#34: gracefully shutting down
2023/01/25 02:07:14 [notice] 32#32: gracefully shutting down
2023/01/25 02:07:14 [notice] 33#33: exiting
2023/01/25 02:07:14 [notice] 31#31: exiting
2023/01/25 02:07:14 [notice] 35#35: gracefully shutting down
2023/01/25 02:07:14 [notice] 32#32: exiting
2023/01/25 02:07:14 [notice] 34#34: exiting
2023/01/25 02:07:14 [notice] 35#35: exiting
2023/01/25 02:07:14 [notice] 32#32: exit
2023/01/25 02:07:14 [notice] 31#31: exit
2023/01/25 02:07:14 [notice] 34#34: exit
2023/01/25 02:07:14 [notice] 35#35: exit
2023/01/25 02:07:14 [notice] 33#33: exit
2023/01/25 02:07:14 [notice] 37#37: gracefully shutting down
2023/01/25 02:07:14 [notice] 40#40: gracefully shutting down
2023/01/25 02:07:14 [notice] 39#39: gracefully shutting down
2023/01/25 02:07:14 [notice] 41#41: gracefully shutting down
2023/01/25 02:07:14 [notice] 38#38: gracefully shutting down
2023/01/25 02:07:14 [notice] 42#42: gracefully shutting down
2023/01/25 02:07:14 [notice] 37#37: exiting
2023/01/25 02:07:14 [notice] 41#41: exiting
2023/01/25 02:07:14 [notice] 37#37: exit
2023/01/25 02:07:14 [notice] 38#38: exiting
2023/01/25 02:07:14 [notice] 39#39: exiting
2023/01/25 02:07:14 [notice] 42#42: exiting
2023/01/25 02:07:14 [notice] 41#41: exit
2023/01/25 02:07:14 [notice] 42#42: exit
2023/01/25 02:07:14 [notice] 39#39: exit
2023/01/25 02:07:14 [notice] 38#38: exit
2023/01/25 02:07:14 [notice] 40#40: exiting
2023/01/25 02:07:14 [notice] 40#40: exit
2023/01/25 02:07:14 [notice] 36#36: gracefully shutting down
2023/01/25 02:07:14 [notice] 36#36: exiting
2023/01/25 02:07:14 [notice] 36#36: exit
2023/01/25 02:07:14 [notice] 1#1: signal 17 (SIGCHLD) received from 40
2023/01/25 02:07:14 [notice] 1#1: worker process 31 exited with code 0
2023/01/25 02:07:14 [notice] 1#1: worker process 34 exited with code 0
2023/01/25 02:07:14 [notice] 1#1: worker process 36 exited with code 0
2023/01/25 02:07:14 [notice] 1#1: worker process 40 exited with code 0
2023/01/25 02:07:14 [notice] 1#1: signal 29 (SIGIO) received
2023/01/25 02:07:14 [notice] 1#1: signal 17 (SIGCHLD) received from 34
2023/01/25 02:07:14 [notice] 1#1: signal 17 (SIGCHLD) received from 42
2023/01/25 02:07:14 [notice] 1#1: worker process 38 exited with code 0
2023/01/25 02:07:14 [notice] 1#1: worker process 42 exited with code 0
2023/01/25 02:07:14 [notice] 1#1: signal 29 (SIGIO) received
2023/01/25 02:07:14 [notice] 1#1: signal 17 (SIGCHLD) received from 37
2023/01/25 02:07:14 [notice] 1#1: worker process 37 exited with code 0
2023/01/25 02:07:14 [notice] 1#1: signal 29 (SIGIO) received
2023/01/25 02:07:14 [notice] 1#1: signal 17 (SIGCHLD) received from 39
2023/01/25 02:07:14 [notice] 1#1: worker process 33 exited with code 0
2023/01/25 02:07:14 [notice] 1#1: worker process 39 exited with code 0
2023/01/25 02:07:14 [notice] 1#1: signal 29 (SIGIO) received
2023/01/25 02:07:14 [notice] 1#1: signal 17 (SIGCHLD) received from 41
2023/01/25 02:07:14 [notice] 1#1: worker process 41 exited with code 0
2023/01/25 02:07:14 [notice] 1#1: signal 29 (SIGIO) received
2023/01/25 02:07:14 [notice] 1#1: signal 17 (SIGCHLD) received from 35
2023/01/25 02:07:14 [notice] 1#1: worker process 35 exited with code 0
2023/01/25 02:07:14 [notice] 1#1: worker process 32 exited with code 0
2023/01/25 02:07:14 [notice] 1#1: exit
2023/01/26 00:22:58 [notice] 1#1: using the "epoll" event method
2023/01/26 00:22:58 [notice] 1#1: nginx/1.23.1
2023/01/26 00:22:58 [notice] 1#1: built by gcc 11.2.1 20220219 (Alpine 11.2.1_git20220219) 
2023/01/26 00:22:58 [notice] 1#1: OS: Linux 5.10.16.3-microsoft-standard-WSL2
2023/01/26 00:22:58 [notice] 1#1: getrlimit(RLIMIT_NOFILE): 1048576:1048576
2023/01/26 00:22:58 [notice] 1#1: start worker processes
2023/01/26 00:22:58 [notice] 1#1: start worker process 31
2023/01/26 00:22:58 [notice] 1#1: start worker process 32
2023/01/26 00:22:58 [notice] 1#1: start worker process 33
2023/01/26 00:22:58 [notice] 1#1: start worker process 34
2023/01/26 00:22:58 [notice] 1#1: start worker process 35
2023/01/26 00:22:58 [notice] 1#1: start worker process 36
2023/01/26 00:22:58 [notice] 1#1: start worker process 37
2023/01/26 00:22:58 [notice] 1#1: start worker process 38
2023/01/26 00:22:58 [notice] 1#1: start worker process 39
2023/01/26 00:22:58 [notice] 1#1: start worker process 40
2023/01/26 00:22:58 [notice] 1#1: start worker process 41
2023/01/26 00:22:58 [notice] 1#1: start worker process 42
2023/01/26 00:29:19 [notice] 1#1: signal 3 (SIGQUIT) received, shutting down
2023/01/26 00:29:19 [notice] 31#31: gracefully shutting down
2023/01/26 00:29:19 [notice] 32#32: gracefully shutting down
2023/01/26 00:29:19 [notice] 34#34: gracefully shutting down
2023/01/26 00:29:19 [notice] 35#35: gracefully shutting down
2023/01/26 00:29:19 [notice] 36#36: gracefully shutting down
2023/01/26 00:29:19 [notice] 31#31: exiting
2023/01/26 00:29:19 [notice] 32#32: exiting
2023/01/26 00:29:19 [notice] 34#34: exiting
2023/01/26 00:29:19 [notice] 33#33: gracefully shutting down
2023/01/26 00:29:19 [notice] 35#35: exiting
2023/01/26 00:29:19 [notice] 36#36: exiting
2023/01/26 00:29:19 [notice] 33#33: exiting
2023/01/26 00:29:19 [notice] 35#35: exit
2023/01/26 00:29:19 [notice] 36#36: exit
2023/01/26 00:29:19 [notice] 34#34: exit
2023/01/26 00:29:19 [notice] 32#32: exit
2023/01/26 00:29:19 [notice] 31#31: exit
2023/01/26 00:29:19 [notice] 33#33: exit
2023/01/26 00:29:19 [notice] 39#39: gracefully shutting down
2023/01/26 00:29:19 [notice] 39#39: exiting
2023/01/26 00:29:19 [notice] 37#37: gracefully shutting down
2023/01/26 00:29:19 [notice] 42#42: gracefully shutting down
2023/01/26 00:29:19 [notice] 42#42: exiting
2023/01/26 00:29:19 [notice] 37#37: exiting
2023/01/26 00:29:19 [notice] 39#39: exit
2023/01/26 00:29:19 [notice] 38#38: gracefully shutting down
2023/01/26 00:29:19 [notice] 38#38: exiting
2023/01/26 00:29:19 [notice] 41#41: gracefully shutting down
2023/01/26 00:29:19 [notice] 37#37: exit
2023/01/26 00:29:19 [notice] 42#42: exit
2023/01/26 00:29:19 [notice] 41#41: exiting
2023/01/26 00:29:19 [notice] 38#38: exit
2023/01/26 00:29:19 [notice] 41#41: exit
2023/01/26 00:29:19 [notice] 40#40: gracefully shutting down
2023/01/26 00:29:19 [notice] 40#40: exiting
2023/01/26 00:29:19 [notice] 40#40: exit
2023/01/26 00:29:19 [notice] 1#1: signal 17 (SIGCHLD) received from 35
2023/01/26 00:29:19 [notice] 1#1: worker process 31 exited with code 0
2023/01/26 00:29:19 [notice] 1#1: worker process 32 exited with code 0
2023/01/26 00:29:19 [notice] 1#1: worker process 35 exited with code 0
2023/01/26 00:29:19 [notice] 1#1: worker process 38 exited with code 0
2023/01/26 00:29:19 [notice] 1#1: worker process 39 exited with code 0
2023/01/26 00:29:19 [notice] 1#1: signal 29 (SIGIO) received
2023/01/26 00:29:19 [notice] 1#1: signal 17 (SIGCHLD) received from 31
2023/01/26 00:29:19 [notice] 1#1: worker process 36 exited with code 0
2023/01/26 00:29:19 [notice] 1#1: signal 29 (SIGIO) received
2023/01/26 00:29:19 [notice] 1#1: signal 17 (SIGCHLD) received from 41
2023/01/26 00:29:19 [notice] 1#1: worker process 41 exited with code 0
2023/01/26 00:29:19 [notice] 1#1: signal 29 (SIGIO) received
2023/01/26 00:29:19 [notice] 1#1: signal 17 (SIGCHLD) received from 42
2023/01/26 00:29:19 [notice] 1#1: worker process 33 exited with code 0
2023/01/26 00:29:19 [notice] 1#1: worker process 42 exited with code 0
2023/01/26 00:29:19 [notice] 1#1: signal 29 (SIGIO) received
2023/01/26 00:29:19 [notice] 1#1: signal 17 (SIGCHLD) received from 40
2023/01/26 00:29:19 [notice] 1#1: worker process 40 exited with code 0
2023/01/26 00:29:19 [notice] 1#1: worker process 34 exited with code 0
2023/01/26 00:29:19 [notice] 1#1: signal 29 (SIGIO) received
2023/01/26 00:29:19 [notice] 1#1: signal 17 (SIGCHLD) received from 34
2023/01/26 00:29:19 [notice] 1#1: signal 17 (SIGCHLD) received from 37
2023/01/26 00:29:19 [notice] 1#1: worker process 37 exited with code 0
2023/01/26 00:29:19 [notice] 1#1: exit
2023/01/26 00:29:26 [notice] 1#1: using the "epoll" event method
2023/01/26 00:29:26 [notice] 1#1: nginx/1.23.1
2023/01/26 00:29:26 [notice] 1#1: built by gcc 11.2.1 20220219 (Alpine 11.2.1_git20220219) 
2023/01/26 00:29:26 [notice] 1#1: OS: Linux 5.10.16.3-microsoft-standard-WSL2
2023/01/26 00:29:26 [notice] 1#1: getrlimit(RLIMIT_NOFILE): 1048576:1048576
2023/01/26 00:29:26 [notice] 1#1: start worker processes
2023/01/26 00:29:26 [notice] 1#1: start worker process 31
2023/01/26 00:29:26 [notice] 1#1: start worker process 32
2023/01/26 00:29:26 [notice] 1#1: start worker process 33
2023/01/26 00:29:26 [notice] 1#1: start worker process 34
2023/01/26 00:29:26 [notice] 1#1: start worker process 35
2023/01/26 00:29:26 [notice] 1#1: start worker process 36
2023/01/26 00:29:26 [notice] 1#1: start worker process 37
2023/01/26 00:29:26 [notice] 1#1: start worker process 38
2023/01/26 00:29:26 [notice] 1#1: start worker process 39
2023/01/26 00:29:26 [notice] 1#1: start worker process 40
2023/01/26 00:29:26 [notice] 1#1: start worker process 41
2023/01/26 00:29:26 [notice] 1#1: start worker process 42
2023/01/26 00:54:32 [notice] 1#1: signal 3 (SIGQUIT) received, shutting down
2023/01/26 00:54:32 [notice] 31#31: gracefully shutting down
2023/01/26 00:54:32 [notice] 32#32: gracefully shutting down
2023/01/26 00:54:32 [notice] 34#34: gracefully shutting down
2023/01/26 00:54:32 [notice] 33#33: gracefully shutting down
2023/01/26 00:54:32 [notice] 35#35: gracefully shutting down
2023/01/26 00:54:32 [notice] 32#32: exiting
2023/01/26 00:54:32 [notice] 36#36: gracefully shutting down
2023/01/26 00:54:32 [notice] 34#34: exiting
2023/01/26 00:54:32 [notice] 33#33: exiting
2023/01/26 00:54:32 [notice] 35#35: exiting
2023/01/26 00:54:32 [notice] 38#38: gracefully shutting down
2023/01/26 00:54:32 [notice] 31#31: exiting
2023/01/26 00:54:32 [notice] 38#38: exiting
2023/01/26 00:54:32 [notice] 41#41: gracefully shutting down
2023/01/26 00:54:32 [notice] 37#37: gracefully shutting down
2023/01/26 00:54:32 [notice] 31#31: exit
2023/01/26 00:54:32 [notice] 32#32: exit
2023/01/26 00:54:32 [notice] 35#35: exit
2023/01/26 00:54:32 [notice] 38#38: exit
2023/01/26 00:54:32 [notice] 33#33: exit
2023/01/26 00:54:32 [notice] 36#36: exiting
2023/01/26 00:54:32 [notice] 40#40: gracefully shutting down
2023/01/26 00:54:32 [notice] 34#34: exit
2023/01/26 00:54:32 [notice] 40#40: exiting
2023/01/26 00:54:32 [notice] 40#40: exit
2023/01/26 00:54:32 [notice] 41#41: exiting
2023/01/26 00:54:32 [notice] 39#39: gracefully shutting down
2023/01/26 00:54:32 [notice] 39#39: exiting
2023/01/26 00:54:32 [notice] 41#41: exit
2023/01/26 00:54:32 [notice] 37#37: exiting
2023/01/26 00:54:32 [notice] 36#36: exit
2023/01/26 00:54:32 [notice] 39#39: exit
2023/01/26 00:54:32 [notice] 37#37: exit
2023/01/26 00:54:32 [notice] 42#42: gracefully shutting down
2023/01/26 00:54:32 [notice] 42#42: exiting
2023/01/26 00:54:32 [notice] 42#42: exit
2023/01/26 00:54:32 [notice] 1#1: signal 17 (SIGCHLD) received from 41
2023/01/26 00:54:32 [notice] 1#1: worker process 37 exited with code 0
2023/01/26 00:54:32 [notice] 1#1: worker process 31 exited with code 0
2023/01/26 00:54:32 [notice] 1#1: worker process 33 exited with code 0
2023/01/26 00:54:32 [notice] 1#1: worker process 41 exited with code 0
2023/01/26 00:54:32 [notice] 1#1: worker process 42 exited with code 0
2023/01/26 00:54:32 [notice] 1#1: signal 29 (SIGIO) received
2023/01/26 00:54:32 [notice] 1#1: signal 17 (SIGCHLD) received from 33
2023/01/26 00:54:32 [notice] 1#1: worker process 38 exited with code 0
2023/01/26 00:54:32 [notice] 1#1: signal 29 (SIGIO) received
2023/01/26 00:54:32 [notice] 1#1: signal 17 (SIGCHLD) received from 32
2023/01/26 00:54:32 [notice] 1#1: worker process 32 exited with code 0
2023/01/26 00:54:32 [notice] 1#1: worker process 34 exited with code 0
2023/01/26 00:54:32 [notice] 1#1: signal 29 (SIGIO) received
2023/01/26 00:54:32 [notice] 1#1: signal 17 (SIGCHLD) received from 39
2023/01/26 00:54:32 [notice] 1#1: worker process 39 exited with code 0
2023/01/26 00:54:32 [notice] 1#1: signal 29 (SIGIO) received
2023/01/26 00:54:32 [notice] 1#1: signal 17 (SIGCHLD) received from 36
2023/01/26 00:54:32 [notice] 1#1: worker process 36 exited with code 0
2023/01/26 00:54:32 [notice] 1#1: signal 29 (SIGIO) received
2023/01/26 00:54:32 [notice] 1#1: signal 17 (SIGCHLD) received from 35
2023/01/26 00:54:32 [notice] 1#1: worker process 35 exited with code 0
2023/01/26 00:54:32 [notice] 1#1: signal 29 (SIGIO) received
2023/01/26 00:54:32 [notice] 1#1: signal 17 (SIGCHLD) received from 40
2023/01/26 00:54:32 [notice] 1#1: worker process 40 exited with code 0
2023/01/26 00:54:32 [notice] 1#1: exit
2023/03/10 20:38:09 [notice] 1#1: using the "epoll" event method
2023/03/10 20:38:09 [notice] 1#1: nginx/1.23.1
2023/03/10 20:38:09 [notice] 1#1: built by gcc 11.2.1 20220219 (Alpine 11.2.1_git20220219) 
2023/03/10 20:38:09 [notice] 1#1: OS: Linux 5.10.16.3-microsoft-standard-WSL2
2023/03/10 20:38:09 [notice] 1#1: getrlimit(RLIMIT_NOFILE): 1048576:1048576
2023/03/10 20:38:09 [notice] 1#1: start worker processes
2023/03/10 20:38:09 [notice] 1#1: start worker process 31
2023/03/10 20:38:09 [notice] 1#1: start worker process 32
2023/03/11 12:14:49 [notice] 1#1: signal 3 (SIGQUIT) received, shutting down
2023/03/11 12:14:49 [notice] 31#31: gracefully shutting down
2023/03/11 12:14:49 [notice] 31#31: exiting
2023/03/11 12:14:49 [notice] 31#31: exit
2023/03/11 12:14:49 [notice] 32#32: gracefully shutting down
2023/03/11 12:14:49 [notice] 32#32: exiting
2023/03/11 12:14:49 [notice] 32#32: exit
2023/03/11 12:14:49 [notice] 1#1: signal 17 (SIGCHLD) received from 31
2023/03/11 12:14:49 [notice] 1#1: worker process 31 exited with code 0
2023/03/11 12:14:49 [notice] 1#1: signal 29 (SIGIO) received
2023/03/11 12:14:49 [notice] 1#1: signal 17 (SIGCHLD) received from 32
2023/03/11 12:14:49 [notice] 1#1: worker process 32 exited with code 0
2023/03/11 12:14:49 [notice] 1#1: exit
2023/03/16 22:39:37 [notice] 1#1: using the "epoll" event method
2023/03/16 22:39:37 [notice] 1#1: nginx/1.23.1
2023/03/16 22:39:37 [notice] 1#1: built by gcc 11.2.1 20220219 (Alpine 11.2.1_git20220219) 
2023/03/16 22:39:37 [notice] 1#1: OS: Linux 5.10.16.3-microsoft-standard-WSL2
2023/03/16 22:39:37 [notice] 1#1: getrlimit(RLIMIT_NOFILE): 1048576:1048576
2023/03/16 22:39:37 [notice] 1#1: start worker processes
2023/03/16 22:39:37 [notice] 1#1: start worker process 30
2023/03/16 22:39:37 [notice] 1#1: start worker process 31
2023/03/17 02:55:39 [notice] 1#1: signal 3 (SIGQUIT) received, shutting down
2023/03/17 02:55:39 [notice] 30#30: gracefully shutting down
2023/03/17 02:55:39 [notice] 30#30: exiting
2023/03/17 02:55:39 [notice] 30#30: exit
2023/03/17 02:55:39 [notice] 31#31: gracefully shutting down
2023/03/17 02:55:39 [notice] 31#31: exiting
2023/03/17 02:55:39 [notice] 31#31: exit
2023/03/17 02:55:39 [notice] 1#1: signal 17 (SIGCHLD) received from 30
2023/03/17 02:55:39 [notice] 1#1: worker process 30 exited with code 0
2023/03/17 02:55:39 [notice] 1#1: signal 29 (SIGIO) received
2023/03/17 02:55:39 [notice] 1#1: signal 17 (SIGCHLD) received from 31
2023/03/17 02:55:39 [notice] 1#1: worker process 31 exited with code 0
2023/03/17 02:55:39 [notice] 1#1: exit
2023/03/20 23:59:54 [notice] 1#1: using the "epoll" event method
2023/03/20 23:59:54 [notice] 1#1: nginx/1.23.1
2023/03/20 23:59:54 [notice] 1#1: built by gcc 11.2.1 20220219 (Alpine 11.2.1_git20220219) 
2023/03/20 23:59:54 [notice] 1#1: OS: Linux 5.10.16.3-microsoft-standard-WSL2
2023/03/20 23:59:54 [notice] 1#1: getrlimit(RLIMIT_NOFILE): 1048576:1048576
2023/03/20 23:59:54 [notice] 1#1: start worker processes
2023/03/20 23:59:54 [notice] 1#1: start worker process 30
2023/03/20 23:59:54 [notice] 1#1: start worker process 31
2023/03/21 03:11:41 [notice] 1#1: signal 3 (SIGQUIT) received, shutting down
2023/03/21 03:11:41 [notice] 30#30: gracefully shutting down
2023/03/21 03:11:41 [notice] 31#31: gracefully shutting down
2023/03/21 03:11:41 [notice] 30#30: exiting
2023/03/21 03:11:41 [notice] 31#31: exiting
2023/03/21 03:11:41 [notice] 30#30: exit
2023/03/21 03:11:41 [notice] 31#31: exit
2023/03/21 03:11:41 [notice] 1#1: signal 17 (SIGCHLD) received from 31
2023/03/21 03:11:41 [notice] 1#1: worker process 31 exited with code 0
2023/03/21 03:11:41 [notice] 1#1: signal 29 (SIGIO) received
2023/03/21 03:11:41 [notice] 1#1: signal 17 (SIGCHLD) received from 30
2023/03/21 03:11:41 [notice] 1#1: worker process 30 exited with code 0
2023/03/21 03:11:41 [notice] 1#1: exit
2023/03/21 23:13:30 [notice] 1#1: using the "epoll" event method
2023/03/21 23:13:30 [notice] 1#1: nginx/1.23.1
2023/03/21 23:13:30 [notice] 1#1: built by gcc 11.2.1 20220219 (Alpine 11.2.1_git20220219) 
2023/03/21 23:13:30 [notice] 1#1: OS: Linux 5.10.16.3-microsoft-standard-WSL2
2023/03/21 23:13:30 [notice] 1#1: getrlimit(RLIMIT_NOFILE): 1048576:1048576
2023/03/21 23:13:30 [notice] 1#1: start worker processes
2023/03/21 23:13:30 [notice] 1#1: start worker process 31
2023/03/21 23:13:30 [notice] 1#1: start worker process 32
2023/03/22 01:32:48 [notice] 1#1: signal 3 (SIGQUIT) received, shutting down
2023/03/22 01:32:48 [notice] 32#32: gracefully shutting down
2023/03/22 01:32:48 [notice] 32#32: exiting
2023/03/22 01:32:48 [notice] 32#32: exit
2023/03/22 01:32:48 [notice] 31#31: gracefully shutting down
2023/03/22 01:32:48 [notice] 31#31: exiting
2023/03/22 01:32:48 [notice] 31#31: exit
2023/03/22 01:32:48 [notice] 1#1: signal 17 (SIGCHLD) received from 32
2023/03/22 01:32:48 [notice] 1#1: worker process 32 exited with code 0
2023/03/22 01:32:48 [notice] 1#1: signal 29 (SIGIO) received
2023/03/22 01:32:48 [notice] 1#1: signal 17 (SIGCHLD) received from 31
2023/03/22 01:32:48 [notice] 1#1: worker process 31 exited with code 0
2023/03/22 01:32:48 [notice] 1#1: exit
2023/03/30 01:02:42 [notice] 1#1: using the "epoll" event method
2023/03/30 01:02:42 [notice] 1#1: nginx/1.23.1
2023/03/30 01:02:42 [notice] 1#1: built by gcc 11.2.1 20220219 (Alpine 11.2.1_git20220219) 
2023/03/30 01:02:42 [notice] 1#1: OS: Linux 5.10.16.3-microsoft-standard-WSL2
2023/03/30 01:02:42 [notice] 1#1: getrlimit(RLIMIT_NOFILE): 1048576:1048576
2023/03/30 01:02:42 [notice] 1#1: start worker processes
2023/03/30 01:02:42 [notice] 1#1: start worker process 31
2023/03/30 01:02:42 [notice] 1#1: start worker process 32
2023/03/30 01:04:07 [notice] 1#1: signal 3 (SIGQUIT) received, shutting down
2023/03/30 01:04:07 [notice] 32#32: gracefully shutting down
2023/03/30 01:04:07 [notice] 32#32: exiting
2023/03/30 01:04:07 [notice] 32#32: exit
2023/03/30 01:04:07 [notice] 31#31: gracefully shutting down
2023/03/30 01:04:07 [notice] 31#31: exiting
2023/03/30 01:04:07 [notice] 31#31: exit
2023/03/30 01:04:07 [notice] 1#1: signal 17 (SIGCHLD) received from 32
2023/03/30 01:04:07 [notice] 1#1: worker process 32 exited with code 0
2023/03/30 01:04:07 [notice] 1#1: signal 29 (SIGIO) received
2023/03/30 01:04:07 [notice] 1#1: signal 17 (SIGCHLD) received from 31
2023/03/30 01:04:07 [notice] 1#1: worker process 31 exited with code 0
2023/03/30 01:04:07 [notice] 1#1: exit
2023/03/30 01:04:49 [notice] 1#1: using the "epoll" event method
2023/03/30 01:04:49 [notice] 1#1: nginx/1.23.1
2023/03/30 01:04:49 [notice] 1#1: built by gcc 11.2.1 20220219 (Alpine 11.2.1_git20220219) 
2023/03/30 01:04:49 [notice] 1#1: OS: Linux 5.10.16.3-microsoft-standard-WSL2
2023/03/30 01:04:49 [notice] 1#1: getrlimit(RLIMIT_NOFILE): 1048576:1048576
2023/03/30 01:04:49 [notice] 1#1: start worker processes
2023/03/30 01:04:49 [notice] 1#1: start worker process 31
2023/03/30 01:04:49 [notice] 1#1: start worker process 32
2023/03/30 01:05:20 [notice] 1#1: signal 3 (SIGQUIT) received, shutting down
2023/03/30 01:05:20 [notice] 31#31: gracefully shutting down
2023/03/30 01:05:20 [notice] 32#32: gracefully shutting down
2023/03/30 01:05:20 [notice] 31#31: exiting
2023/03/30 01:05:20 [notice] 32#32: exiting
2023/03/30 01:05:20 [notice] 32#32: exit
2023/03/30 01:05:20 [notice] 31#31: exit
2023/03/30 01:05:20 [notice] 1#1: signal 17 (SIGCHLD) received from 32
2023/03/30 01:05:20 [notice] 1#1: worker process 32 exited with code 0
2023/03/30 01:05:20 [notice] 1#1: signal 29 (SIGIO) received
2023/03/30 01:05:20 [notice] 1#1: signal 17 (SIGCHLD) received from 31
2023/03/30 01:05:20 [notice] 1#1: worker process 31 exited with code 0
2023/03/30 01:05:20 [notice] 1#1: exit
2023/03/30 01:05:40 [notice] 1#1: using the "epoll" event method
2023/03/30 01:05:40 [notice] 1#1: nginx/1.23.1
2023/03/30 01:05:40 [notice] 1#1: built by gcc 11.2.1 20220219 (Alpine 11.2.1_git20220219) 
2023/03/30 01:05:40 [notice] 1#1: OS: Linux 5.10.16.3-microsoft-standard-WSL2
2023/03/30 01:05:40 [notice] 1#1: getrlimit(RLIMIT_NOFILE): 1048576:1048576
2023/03/30 01:05:40 [notice] 1#1: start worker processes
2023/03/30 01:05:40 [notice] 1#1: start worker process 31
2023/03/30 01:05:40 [notice] 1#1: start worker process 32
2023/03/30 01:09:48 [notice] 1#1: signal 3 (SIGQUIT) received, shutting down
2023/03/30 01:09:48 [notice] 31#31: gracefully shutting down
2023/03/30 01:09:48 [notice] 32#32: gracefully shutting down
2023/03/30 01:09:48 [notice] 31#31: exiting
2023/03/30 01:09:48 [notice] 32#32: exiting
2023/03/30 01:09:48 [notice] 31#31: exit
2023/03/30 01:09:48 [notice] 32#32: exit
2023/03/30 01:09:48 [notice] 1#1: signal 17 (SIGCHLD) received from 32
2023/03/30 01:09:48 [notice] 1#1: worker process 32 exited with code 0
2023/03/30 01:09:48 [notice] 1#1: signal 29 (SIGIO) received
2023/03/30 01:09:48 [notice] 1#1: signal 17 (SIGCHLD) received from 31
2023/03/30 01:09:48 [notice] 1#1: worker process 31 exited with code 0
2023/03/30 01:09:48 [notice] 1#1: exit
2023/03/30 01:10:28 [notice] 1#1: using the "epoll" event method
2023/03/30 01:10:28 [notice] 1#1: nginx/1.23.1
2023/03/30 01:10:28 [notice] 1#1: built by gcc 11.2.1 20220219 (Alpine 11.2.1_git20220219) 
2023/03/30 01:10:28 [notice] 1#1: OS: Linux 5.10.16.3-microsoft-standard-WSL2
2023/03/30 01:10:28 [notice] 1#1: getrlimit(RLIMIT_NOFILE): 1048576:1048576
2023/03/30 01:10:28 [notice] 1#1: start worker processes
2023/03/30 01:10:28 [notice] 1#1: start worker process 30
2023/03/30 01:10:28 [notice] 1#1: start worker process 31
2023/03/30 01:13:57 [notice] 1#1: signal 3 (SIGQUIT) received, shutting down
2023/03/30 01:13:57 [notice] 31#31: gracefully shutting down
2023/03/30 01:13:57 [notice] 31#31: exiting
2023/03/30 01:13:57 [notice] 31#31: exit
2023/03/30 01:13:57 [notice] 30#30: gracefully shutting down
2023/03/30 01:13:57 [notice] 30#30: exiting
2023/03/30 01:13:57 [notice] 30#30: exit
2023/03/30 01:13:57 [notice] 1#1: signal 17 (SIGCHLD) received from 31
2023/03/30 01:13:57 [notice] 1#1: worker process 31 exited with code 0
2023/03/30 01:13:57 [notice] 1#1: signal 29 (SIGIO) received
2023/03/30 01:13:57 [notice] 1#1: signal 17 (SIGCHLD) received from 30
2023/03/30 01:13:57 [notice] 1#1: worker process 30 exited with code 0
2023/03/30 01:13:57 [notice] 1#1: exit
2023/03/30 01:20:56 [notice] 1#1: using the "epoll" event method
2023/03/30 01:20:56 [notice] 1#1: nginx/1.23.1
2023/03/30 01:20:56 [notice] 1#1: built by gcc 11.2.1 20220219 (Alpine 11.2.1_git20220219) 
2023/03/30 01:20:56 [notice] 1#1: OS: Linux 5.10.16.3-microsoft-standard-WSL2
2023/03/30 01:20:56 [notice] 1#1: getrlimit(RLIMIT_NOFILE): 1048576:1048576
2023/03/30 01:20:56 [notice] 1#1: start worker processes
2023/03/30 01:20:56 [notice] 1#1: start worker process 31
2023/03/30 01:20:56 [notice] 1#1: start worker process 32
2023/03/30 01:22:54 [notice] 1#1: signal 3 (SIGQUIT) received, shutting down
2023/03/30 01:22:54 [notice] 32#32: gracefully shutting down
2023/03/30 01:22:54 [notice] 32#32: exiting
2023/03/30 01:22:54 [notice] 32#32: exit
2023/03/30 01:22:54 [notice] 31#31: gracefully shutting down
2023/03/30 01:22:54 [notice] 31#31: exiting
2023/03/30 01:22:54 [notice] 31#31: exit
2023/03/30 01:22:54 [notice] 1#1: signal 17 (SIGCHLD) received from 32
2023/03/30 01:22:54 [notice] 1#1: worker process 32 exited with code 0
2023/03/30 01:22:54 [notice] 1#1: signal 29 (SIGIO) received
2023/03/30 01:22:54 [notice] 1#1: signal 17 (SIGCHLD) received from 31
2023/03/30 01:22:54 [notice] 1#1: worker process 31 exited with code 0
2023/03/30 01:22:54 [notice] 1#1: exit
2023/03/30 01:23:05 [notice] 1#1: using the "epoll" event method
2023/03/30 01:23:05 [notice] 1#1: nginx/1.23.1
2023/03/30 01:23:05 [notice] 1#1: built by gcc 11.2.1 20220219 (Alpine 11.2.1_git20220219) 
2023/03/30 01:23:05 [notice] 1#1: OS: Linux 5.10.16.3-microsoft-standard-WSL2
2023/03/30 01:23:05 [notice] 1#1: getrlimit(RLIMIT_NOFILE): 1048576:1048576
2023/03/30 01:23:05 [notice] 1#1: start worker processes
2023/03/30 01:23:05 [notice] 1#1: start worker process 31
2023/03/30 01:23:05 [notice] 1#1: start worker process 32
2023/03/30 01:25:13 [notice] 1#1: signal 3 (SIGQUIT) received, shutting down
2023/03/30 01:25:13 [notice] 32#32: gracefully shutting down
2023/03/30 01:25:13 [notice] 32#32: exiting
2023/03/30 01:25:13 [notice] 32#32: exit
2023/03/30 01:25:13 [notice] 31#31: gracefully shutting down
2023/03/30 01:25:13 [notice] 31#31: exiting
2023/03/30 01:25:13 [notice] 31#31: exit
2023/03/30 01:25:13 [notice] 1#1: signal 17 (SIGCHLD) received from 31
2023/03/30 01:25:13 [notice] 1#1: worker process 31 exited with code 0
2023/03/30 01:25:13 [notice] 1#1: signal 17 (SIGCHLD) received from 32
2023/03/30 01:25:13 [notice] 1#1: worker process 32 exited with code 0
2023/03/30 01:25:13 [notice] 1#1: exit
2023/04/05 22:26:19 [emerg] 1#1: host not found in upstream "app" in /etc/nginx/conf.d/default.conf:24
2023/04/05 22:26:27 [emerg] 1#1: host not found in upstream "app" in /etc/nginx/conf.d/default.conf:24
2023/04/05 22:26:34 [emerg] 1#1: host not found in upstream "app" in /etc/nginx/conf.d/default.conf:24
2023/04/05 22:26:41 [emerg] 1#1: host not found in upstream "app" in /etc/nginx/conf.d/default.conf:24
2023/04/05 22:26:49 [emerg] 1#1: host not found in upstream "app" in /etc/nginx/conf.d/default.conf:24
2023/04/05 22:26:56 [emerg] 1#1: host not found in upstream "app" in /etc/nginx/conf.d/default.conf:24
2023/04/05 22:27:06 [emerg] 1#1: host not found in upstream "app" in /etc/nginx/conf.d/default.conf:24
2023/04/05 22:27:18 [emerg] 1#1: host not found in upstream "app" in /etc/nginx/conf.d/default.conf:24
2023/04/05 22:27:37 [emerg] 1#1: host not found in upstream "app" in /etc/nginx/conf.d/default.conf:24
2023/04/05 22:28:08 [emerg] 1#1: host not found in upstream "app" in /etc/nginx/conf.d/default.conf:24
2023/04/05 22:29:05 [emerg] 1#1: host not found in upstream "app" in /etc/nginx/conf.d/default.conf:24
2023/04/05 22:30:11 [emerg] 1#1: host not found in upstream "app" in /etc/nginx/conf.d/default.conf:24
2023/04/05 22:31:17 [emerg] 1#1: host not found in upstream "app" in /etc/nginx/conf.d/default.conf:24
2023/04/05 22:32:23 [emerg] 1#1: host not found in upstream "app" in /etc/nginx/conf.d/default.conf:24
2023/04/05 22:33:29 [emerg] 1#1: host not found in upstream "app" in /etc/nginx/conf.d/default.conf:24
2023/04/05 22:34:35 [emerg] 1#1: host not found in upstream "app" in /etc/nginx/conf.d/default.conf:24
